<?xml version="1.0" encoding="UTF-8"?>
<!-- Generated by org.testng.reporters.JUnitReportReporter -->
<testsuite hostname="DESKTOP-CD955F8" name="org.testing.RCB.TestScripts.TeamRCB" tests="2" failures="0" timestamp="23 Mar 2023 04:44:09 GMT" time="1.619" errors="0">
  <testcase name="validatePlayers" time="1.404" classname="org.testing.RCB.TestScripts.TeamRCB"/>
  <testcase name="validateWicketKeeper" time="0.215" classname="org.testing.RCB.TestScripts.TeamRCB"/>
</testsuite> <!-- org.testing.RCB.TestScripts.TeamRCB -->
