<?xml version="1.0" encoding="UTF-8"?>
<!-- Generated by org.testng.reporters.JUnitReportReporter -->
<testsuite hostname="DESKTOP-CD955F8" failures="0" tests="1" name="org.testing.TestScripts.TC4" time="56.507" errors="0" timestamp="25 Feb 2022 08:37:46 GMT">
  <testcase classname="org.testing.TestScripts.TC4" name="tc4Method" time="56.507"/>
</testsuite> <!-- org.testing.TestScripts.TC4 -->
