<?xml version="1.0" encoding="UTF-8"?>
<!-- Generated by org.testng.reporters.JUnitReportReporter -->
<testsuite hostname="DESKTOP-CD955F8" name="org.testing.TestScripts.Nopaperforms" tests="1" failures="0" timestamp="18 Mar 2023 11:19:44 GMT" time="4.266" errors="0">
  <testcase name="lead" time="4.266" classname="org.testing.TestScripts.Nopaperforms"/>
</testsuite> <!-- org.testing.TestScripts.Nopaperforms -->
