<?xml version="1.0" encoding="UTF-8"?>
<!-- Generated by org.testng.reporters.JUnitReportReporter -->
<testsuite hostname="DESKTOP-CD955F8" failures="0" tests="1" name="org.testing.TestScripts.TC7" time="42.312" errors="0" timestamp="25 Feb 2022 08:37:46 GMT">
  <testcase classname="org.testing.TestScripts.TC7" name="tc7Method" time="42.312"/>
</testsuite> <!-- org.testing.TestScripts.TC7 -->
