<?xml version="1.0" encoding="UTF-8"?>
<!-- Generated by org.testng.reporters.JUnitReportReporter -->
<testsuite hostname="DESKTOP-CD955F8" failures="0" tests="1" name="org.testing.TestScripts.TC8" time="41.672" errors="0" timestamp="25 Feb 2022 08:37:46 GMT">
  <testcase classname="org.testing.TestScripts.TC8" name="tc8Method" time="41.672"/>
</testsuite> <!-- org.testing.TestScripts.TC8 -->
