<?xml version="1.0" encoding="UTF-8"?>
<!-- Generated by org.testng.reporters.JUnitReportReporter -->
<testsuite hostname="DESKTOP-CD955F8" name="org.testing.TestScripts.TeamRCB" tests="2" failures="0" timestamp="19 Mar 2023 02:19:32 GMT" time="1.104" errors="0">
  <testcase name="validateWicketKeeper" time="0.120" classname="org.testing.TestScripts.TeamRCB"/>
  <testcase name="validatePlayers" time="0.984" classname="org.testing.TestScripts.TeamRCB"/>
</testsuite> <!-- org.testing.TestScripts.TeamRCB -->
